<?xml version="1.0" encoding="UTF-8"?>
<!-- Generated by org.testng.reporters.JUnitReportReporter -->
<testsuite skipped="0" hostname="Shaveta-PC" name="TestProject" tests="1" failures="0" timestamp="21 Aug 2019 16:25:51 GMT" time="31.726" errors="0">
  <testcase name="setUp" time="31.726" classname="TestProject"/>
</testsuite> <!-- TestProject -->
